<?xml version="1.0" encoding="UTF-8"?>
<beans xmlns="http://www.springframework.org/schema/beans"
	   xmlns:xsi="http://www.w3.org/2001/XMLSchema-instance"
	   xsi:schemaLocation="http://www.springframework.org/schema/beans
	   file:///F:/XML/spring-beans.xsd">

	<bean id="person" class="org.example.Person">
		<property name="name" value="wangcongyang"/>
	</bean>

</beans>
